[2018-09-24T13:23:44.300] [ERROR] Error - {"Error_Name":"","Error_Address":"","Error_Message":"OverwriteModelError: Cannot overwrite `Hub` model once compiled."}
[2018-09-24T13:26:26.790] [ERROR] Error - {"Error_Name":"","Error_Address":"","Error_Message":"Error: Cannot find module './../../Models/Supplier/Supplier.model.js'"}
[2018-09-24T13:26:34.197] [ERROR] Error - {"Error_Name":"","Error_Address":"","Error_Message":"Error: Cannot find module './../../Models/Supplier/Supplier.model.js'"}
[2018-09-24T13:26:39.019] [ERROR] Error - {"Error_Name":"","Error_Address":"","Error_Message":"Error: Cannot find module './../../Models/Supplier/Supplier.model.js'"}
[2018-09-24T13:26:57.047] [ERROR] Error - {"Error_Name":"","Error_Address":"","Error_Message":"Error: Cannot find module './../../Controller/Supplier/Supplier.controller.js'"}
[2018-09-24T15:59:12.991] [ERROR] Error - {"Error_Name":"","Error_Address":"","Error_Message":"Error: Cannot find module './../../Controller/Supplier/Supplier.controller.js'"}
[2018-09-24T16:00:07.149] [ERROR] Error - {"Error_Name":"","Error_Address":"","Error_Message":"Error: Cannot find module './server/Web/Routes/Supplier/Supplier.routes.js'"}
[2018-09-24T17:29:14.274] [ERROR] Error - {"Error_Name":"","Error_Address":"","Error_Message":"Error: Route.post() requires a callback function but got a [object Undefined]"}
[2018-09-24T17:29:28.775] [ERROR] Error - {"Error_Name":"","Error_Address":"","Error_Message":"Error: Route.post() requires a callback function but got a [object Undefined]"}
[2018-09-24T17:29:36.057] [ERROR] Error - {"Error_Name":"","Error_Address":"","Error_Message":"Error: Route.post() requires a callback function but got a [object Undefined]"}
[2018-09-24T17:29:41.999] [ERROR] Error - {"Error_Name":"","Error_Address":"","Error_Message":"Error: Route.post() requires a callback function but got a [object Undefined]"}
[2018-09-24T17:30:23.227] [ERROR] Error - {"Error_Name":"","Error_Address":"","Error_Message":"Error: Route.post() requires a callback function but got a [object Undefined]"}
[2018-09-24T17:31:34.977] [ERROR] Error - {"Error_Name":"","Error_Address":"","Error_Message":"Error: Route.post() requires a callback function but got a [object Undefined]"}
[2018-09-24T19:43:14.638] [ERROR] Error - {"Error_Name":"","Error_Address":"","Error_Message":"TypeError: Cannot read property 'Hub_Id' of undefined"}
[2018-09-24T19:44:17.126] [ERROR] Error - {"Error_Name":"","Error_Address":"","Error_Message":"TypeError: Cannot read property 'Hub_Id' of undefined"}
[2018-09-24T19:44:18.419] [ERROR] Error - {"Error_Name":"","Error_Address":"","Error_Message":"TypeError: Cannot read property 'Hub_Id' of undefined"}
[2018-09-24T19:44:39.360] [ERROR] Error - {"Error_Name":"","Error_Address":"","Error_Message":"TypeError: Cannot read property 'Hub_Id' of undefined"}
[2018-09-24T19:44:40.324] [ERROR] Error - {"Error_Name":"","Error_Address":"","Error_Message":"TypeError: Cannot read property 'Hub_Id' of undefined"}
[2018-09-24T19:45:28.627] [ERROR] Error - {"Error_Name":"","Error_Address":"","Error_Message":"TypeError: Cannot read property 'Hub_Id' of undefined"}
[2018-09-24T19:45:35.070] [ERROR] Error - {"Error_Name":"","Error_Address":"","Error_Message":"TypeError: Cannot read property 'Hub_Id' of undefined"}
