[2018-09-21T15:57:05.282] [ERROR] Error - {"Error_Name":"","Error_Address":"","Error_Message":"OverwriteModelError: Cannot overwrite `User_Management` model once compiled."}
[2018-09-21T16:00:45.525] [ERROR] Error - {"Error_Name":"","Error_Address":"","Error_Message":"OverwriteModelError: Cannot overwrite `User_Management` model once compiled."}
[2018-09-21T16:05:35.484] [ERROR] Error - {"Error_Name":"","Error_Address":"","Error_Message":"Error: Route.post() requires a callback function but got a [object Undefined]"}
[2018-09-21T18:11:58.271] [ERROR] Error - {"Error_Name":"","Error_Address":"","Error_Message":"Error: Cannot find module './../../Models/Stock/Stock.model.js'"}
[2018-09-21T18:13:48.659] [ERROR] Error - {"Error_Name":"","Error_Address":"","Error_Message":"Error: Cannot find module './../../Models/Franchisee/Franchisee.model.js'"}
[2018-09-21T18:14:30.759] [ERROR] Error - {"Error_Name":"","Error_Address":"","Error_Message":"Error: Route.post() requires a callback function but got a [object Undefined]"}
[2018-09-21T18:14:35.898] [ERROR] Error - {"Error_Name":"","Error_Address":"","Error_Message":"Error: Route.post() requires a callback function but got a [object Undefined]"}
[2018-09-21T18:16:17.654] [ERROR] Error - {"Error_Name":"","Error_Address":"","Error_Message":"Error: Route.post() requires a callback function but got a [object Undefined]"}
[2018-09-21T18:17:32.433] [ERROR] Error - {"Error_Name":"","Error_Address":"","Error_Message":"Error: Route.post() requires a callback function but got a [object Undefined]"}
[2018-09-21T18:17:38.712] [ERROR] Error - {"Error_Name":"","Error_Address":"","Error_Message":"Error: Route.post() requires a callback function but got a [object Undefined]"}
[2018-09-21T18:18:08.363] [ERROR] Error - {"Error_Name":"","Error_Address":"","Error_Message":"Error: Route.post() requires a callback function but got a [object Undefined]"}
[2018-09-21T18:19:09.712] [ERROR] Error - {"Error_Name":"","Error_Address":"","Error_Message":"Error: Route.post() requires a callback function but got a [object Undefined]"}
[2018-09-21T18:19:38.244] [ERROR] Error - {"Error_Name":"","Error_Address":"","Error_Message":"Error: Route.post() requires a callback function but got a [object Undefined]"}
[2018-09-21T18:31:48.865] [ERROR] Error - {"Error_Name":"","Error_Address":"","Error_Message":"Error: Route.post() requires a callback function but got a [object Undefined]"}
[2018-09-21T18:57:58.021] [ERROR] Error - {"Error_Name":"","Error_Address":"","Error_Message":"Error: Can't set headers after they are sent."}
[2018-09-21T19:00:15.119] [ERROR] Error - {"Error_Name":"","Error_Address":"","Error_Message":"Error: Can't set headers after they are sent."}
[2018-09-21T19:00:40.129] [ERROR] Error - {"Error_Name":"","Error_Address":"","Error_Message":"Error: Can't set headers after they are sent."}
[2018-09-21T19:02:52.228] [ERROR] Error - {"Error_Name":"","Error_Address":"","Error_Message":"Error: Can't set headers after they are sent."}
[2018-09-21T19:03:54.358] [ERROR] Error - {"Error_Name":"","Error_Address":"","Error_Message":"Error: Cannot find module './../../Models/Stock/Stock.model.js'"}
[2018-09-21T19:04:11.790] [ERROR] Error - {"Error_Name":"","Error_Address":"","Error_Message":"Error: Cannot find module './../../Models/Franchisee/Franchisee.model.js'"}
[2018-09-21T19:08:35.401] [ERROR] Error - {"Error_Name":"","Error_Address":"","Error_Message":"ReferenceError: ErrorManagement is not defined"}
[2018-09-21T19:08:35.405] [ERROR] Error - {"Error_Name":"","Error_Address":"","Error_Message":"ReferenceError: ErrorManagement is not defined"}
[2018-09-21T19:08:58.631] [ERROR] Error - {"Error_Name":"","Error_Address":"","Error_Message":"Error: Can't set headers after they are sent."}
[2018-09-21T19:13:07.723] [ERROR] Error - {"Error_Name":"","Error_Address":"","Error_Message":"Error: Can't set headers after they are sent."}
[2018-09-21T19:18:15.419] [ERROR] Error - {"Error_Name":"","Error_Address":"","Error_Message":"SyntaxError: Unexpected token )"}
[2018-09-21T19:21:22.286] [ERROR] Error - {"Error_Name":"","Error_Address":"","Error_Message":"Error: Can't set headers after they are sent."}
[2018-09-21T19:24:53.902] [ERROR] Error - {"Error_Name":"","Error_Address":"","Error_Message":"Error: Can't set headers after they are sent."}
[2018-09-21T19:26:37.829] [ERROR] Error - {"Error_Name":"","Error_Address":"","Error_Message":"Error: Can't set headers after they are sent."}
[2018-09-21T19:54:29.257] [ERROR] Error - {"Error_Name":"","Error_Address":"","Error_Message":"Error: Can't set headers after they are sent."}
